# JRE version: Java(TM) SE Runtime Environment (20.0.1+9) (build 20.0.1+9-29)
# Java VM: Java HotSpot(TM) 64-Bit Server VM (20.0.1+9-29, mixed mode, sharing, tiered, compressed oops, compressed class ptrs, parallel gc, windows-amd64)
GC Precious Log:
 CardTable entry size: 512
 CPUs: 8 total, 8 available
 Memory: 8101M
 Large Page Support: Disabled
 NUMA Support: Disabled
 Compressed Oops: Enabled (Zero based)
 Alignments: Space 512K, Generation 512K, Heap 2M
 Heap Min Capacity: 8M
 Heap Initial Capacity: 128M
 Heap Max Capacity: 6G
 Pre-touch: Disabled
 Parallel Workers: 8
Heap:
 PSYoungGen      total 186880K, used 41111K [0x0000000780000000, 0x0000000790600000, 0x0000000800000000)
  eden space 117760K, 23% used [0x0000000780000000,0x0000000781b1b698,0x0000000787300000)
  from space 69120K, 19% used [0x0000000787300000,0x000000078800a940,0x000000078b680000)
  to   space 68096K, 0% used [0x000000078c380000,0x000000078c380000,0x0000000790600000)
 ParOldGen       total 267264K, used 175989K [0x0000000680000000, 0x0000000690500000, 0x0000000780000000)
  object space 267264K, 65% used [0x0000000680000000,0x000000068abdd408,0x0000000690500000)
 Metaspace       used 187262K, committed 190144K, reserved 1036288K
  class space    used 23694K, committed 25152K, reserved 839680K
GC Heap History (20 events):
Event: 321.250 GC heap before
{Heap before GC invocations=74 (full 6):
 PSYoungGen      total 125440K, used 123090K [0x0000000780000000, 0x000000078a880000, 0x0000000800000000)
  eden space 90112K, 100% used [0x0000000780000000,0x0000000785800000,0x0000000785800000)
  from space 35328K, 93% used [0x0000000787e80000,0x0000000789eb4b80,0x000000078a100000)
  to   space 39424K, 0% used [0x0000000785800000,0x0000000785800000,0x0000000787e80000)
 ParOldGen       total 201728K, used 134824K [0x0000000680000000, 0x000000068c500000, 0x0000000780000000)
  object space 201728K, 66% used [0x0000000680000000,0x00000006883aa348,0x000000068c500000)
 Metaspace       used 163940K, committed 166784K, reserved 1036288K
  class space    used 20606K, committed 22016K, reserved 839680K
}
Event: 321.286 GC heap after
{Heap after GC invocations=74 (full 6):
 PSYoungGen      total 129536K, used 39415K [0x0000000780000000, 0x000000078bb80000, 0x0000000800000000)
  eden space 90112K, 0% used [0x0000000780000000,0x0000000780000000,0x0000000785800000)
  from space 39424K, 99% used [0x0000000785800000,0x0000000787e7dc68,0x0000000787e80000)
  to   space 45568K, 0% used [0x0000000788f00000,0x0000000788f00000,0x000000078bb80000)
 ParOldGen       total 201728K, used 138228K [0x0000000680000000, 0x000000068c500000, 0x0000000780000000)
  object space 201728K, 68% used [0x0000000680000000,0x00000006886fd3e8,0x000000068c500000)
 Metaspace       used 163940K, committed 166784K, reserved 1036288K
  class space    used 20606K, committed 22016K, reserved 839680K
}
Event: 324.732 GC heap before
{Heap before GC invocations=75 (full 6):
 PSYoungGen      total 129536K, used 129527K [0x0000000780000000, 0x000000078bb80000, 0x0000000800000000)
  eden space 90112K, 100% used [0x0000000780000000,0x0000000785800000,0x0000000785800000)
  from space 39424K, 99% used [0x0000000785800000,0x0000000787e7dc68,0x0000000787e80000)
  to   space 45568K, 0% used [0x0000000788f00000,0x0000000788f00000,0x000000078bb80000)
 ParOldGen       total 201728K, used 138228K [0x0000000680000000, 0x000000068c500000, 0x0000000780000000)
  object space 201728K, 68% used [0x0000000680000000,0x00000006886fd3e8,0x000000068c500000)
 Metaspace       used 164797K, committed 167616K, reserved 1036288K
  class space    used 20714K, committed 22144K, reserved 839680K
}
Event: 324.782 GC heap after
{Heap after GC invocations=75 (full 6):
 PSYoungGen      total 137728K, used 45558K [0x0000000780000000, 0x000000078cc80000, 0x0000000800000000)
  eden space 92160K, 0% used [0x0000000780000000,0x0000000780000000,0x0000000785a00000)
  from space 45568K, 99% used [0x0000000788f00000,0x000000078bb7dbc8,0x000000078bb80000)
  to   space 54272K, 0% used [0x0000000785a00000,0x0000000785a00000,0x0000000788f00000)
 ParOldGen       total 201728K, used 143354K [0x0000000680000000, 0x000000068c500000, 0x0000000780000000)
  object space 201728K, 71% used [0x0000000680000000,0x0000000688bfeb98,0x000000068c500000)
 Metaspace       used 164797K, committed 167616K, reserved 1036288K
  class space    used 20714K, committed 22144K, reserved 839680K
}
Event: 330.293 GC heap before
{Heap before GC invocations=76 (full 6):
 PSYoungGen      total 137728K, used 137718K [0x0000000780000000, 0x000000078cc80000, 0x0000000800000000)
  eden space 92160K, 100% used [0x0000000780000000,0x0000000785a00000,0x0000000785a00000)
  from space 45568K, 99% used [0x0000000788f00000,0x000000078bb7dbc8,0x000000078bb80000)
  to   space 54272K, 0% used [0x0000000785a00000,0x0000000785a00000,0x0000000788f00000)
 ParOldGen       total 201728K, used 143354K [0x0000000680000000, 0x000000068c500000, 0x0000000780000000)
  object space 201728K, 71% used [0x0000000680000000,0x0000000688bfeb98,0x000000068c500000)
 Metaspace       used 170569K, committed 173312K, reserved 1036288K
  class space    used 21386K, committed 22784K, reserved 839680K
}
Event: 330.317 GC heap after
{Heap after GC invocations=76 (full 6):
 PSYoungGen      total 146432K, used 47173K [0x0000000780000000, 0x000000078d780000, 0x0000000800000000)
  eden space 92160K, 0% used [0x0000000780000000,0x0000000780000000,0x0000000785a00000)
  from space 54272K, 86% used [0x0000000785a00000,0x0000000788811438,0x0000000788f00000)
  to   space 59392K, 0% used [0x0000000789d80000,0x0000000789d80000,0x000000078d780000)
 ParOldGen       total 201728K, used 147001K [0x0000000680000000, 0x000000068c500000, 0x0000000780000000)
  object space 201728K, 72% used [0x0000000680000000,0x0000000688f8e660,0x000000068c500000)
 Metaspace       used 170569K, committed 173312K, reserved 1036288K
  class space    used 21386K, committed 22784K, reserved 839680K
}
Event: 332.137 GC heap before
{Heap before GC invocations=77 (full 6):
 PSYoungGen      total 146432K, used 139333K [0x0000000780000000, 0x000000078d780000, 0x0000000800000000)
  eden space 92160K, 100% used [0x0000000780000000,0x0000000785a00000,0x0000000785a00000)
  from space 54272K, 86% used [0x0000000785a00000,0x0000000788811438,0x0000000788f00000)
  to   space 59392K, 0% used [0x0000000789d80000,0x0000000789d80000,0x000000078d780000)
 ParOldGen       total 201728K, used 147001K [0x0000000680000000, 0x000000068c500000, 0x0000000780000000)
  object space 201728K, 72% used [0x0000000680000000,0x0000000688f8e660,0x000000068c500000)
 Metaspace       used 176814K, committed 179648K, reserved 1036288K
  class space    used 22223K, committed 23680K, reserved 839680K
}
Event: 332.162 GC heap after
{Heap after GC invocations=77 (full 6):
 PSYoungGen      total 156160K, used 49014K [0x0000000780000000, 0x000000078e200000, 0x0000000800000000)
  eden space 96768K, 0% used [0x0000000780000000,0x0000000780000000,0x0000000785e80000)
  from space 59392K, 82% used [0x0000000789d80000,0x000000078cd5d988,0x000000078d780000)
  to   space 64512K, 0% used [0x0000000785e80000,0x0000000785e80000,0x0000000789d80000)
 ParOldGen       total 201728K, used 148773K [0x0000000680000000, 0x000000068c500000, 0x0000000780000000)
  object space 201728K, 73% used [0x0000000680000000,0x0000000689149690,0x000000068c500000)
 Metaspace       used 176814K, committed 179648K, reserved 1036288K
  class space    used 22223K, committed 23680K, reserved 839680K
}
Event: 336.278 GC heap before
{Heap before GC invocations=78 (full 6):
 PSYoungGen      total 156160K, used 145782K [0x0000000780000000, 0x000000078e200000, 0x0000000800000000)
  eden space 96768K, 100% used [0x0000000780000000,0x0000000785e80000,0x0000000785e80000)
  from space 59392K, 82% used [0x0000000789d80000,0x000000078cd5d988,0x000000078d780000)
  to   space 64512K, 0% used [0x0000000785e80000,0x0000000785e80000,0x0000000789d80000)
 ParOldGen       total 201728K, used 148773K [0x0000000680000000, 0x000000068c500000, 0x0000000780000000)
  object space 201728K, 73% used [0x0000000680000000,0x0000000689149690,0x000000068c500000)
 Metaspace       used 177213K, committed 180096K, reserved 1036288K
  class space    used 22243K, committed 23680K, reserved 839680K
}
Event: 336.302 GC heap after
{Heap after GC invocations=78 (full 6):
 PSYoungGen      total 161280K, used 47470K [0x0000000780000000, 0x000000078ec80000, 0x0000000800000000)
  eden space 96768K, 0% used [0x0000000780000000,0x0000000780000000,0x0000000785e80000)
  from space 64512K, 73% used [0x0000000785e80000,0x0000000788cdb9b0,0x0000000789d80000)
  to   space 67584K, 0% used [0x000000078aa80000,0x000000078aa80000,0x000000078ec80000)
 ParOldGen       total 201728K, used 151237K [0x0000000680000000, 0x000000068c500000, 0x0000000780000000)
  object space 201728K, 74% used [0x0000000680000000,0x00000006893b1690,0x000000068c500000)
 Metaspace       used 177213K, committed 180096K, reserved 1036288K
  class space    used 22243K, committed 23680K, reserved 839680K
}
Event: 337.055 GC heap before
{Heap before GC invocations=79 (full 6):
 PSYoungGen      total 161280K, used 144238K [0x0000000780000000, 0x000000078ec80000, 0x0000000800000000)
  eden space 96768K, 100% used [0x0000000780000000,0x0000000785e80000,0x0000000785e80000)
  from space 64512K, 73% used [0x0000000785e80000,0x0000000788cdb9b0,0x0000000789d80000)
  to   space 67584K, 0% used [0x000000078aa80000,0x000000078aa80000,0x000000078ec80000)
 ParOldGen       total 201728K, used 151237K [0x0000000680000000, 0x000000068c500000, 0x0000000780000000)
  object space 201728K, 74% used [0x0000000680000000,0x00000006893b1690,0x000000068c500000)
 Metaspace       used 177291K, committed 180160K, reserved 1036288K
  class space    used 22243K, committed 23680K, reserved 839680K
}
Event: 337.133 GC heap after
{Heap after GC invocations=79 (full 6):
 PSYoungGen      total 168448K, used 58068K [0x0000000780000000, 0x000000078fd00000, 0x0000000800000000)
  eden space 100864K, 0% used [0x0000000780000000,0x0000000780000000,0x0000000786280000)
  from space 67584K, 85% used [0x000000078aa80000,0x000000078e335208,0x000000078ec80000)
  to   space 73728K, 0% used [0x0000000786280000,0x0000000786280000,0x000000078aa80000)
 ParOldGen       total 201728K, used 151421K [0x0000000680000000, 0x000000068c500000, 0x0000000780000000)
  object space 201728K, 75% used [0x0000000680000000,0x00000006893df690,0x000000068c500000)
 Metaspace       used 177291K, committed 180160K, reserved 1036288K
  class space    used 22243K, committed 23680K, reserved 839680K
}
Event: 339.951 GC heap before
{Heap before GC invocations=80 (full 6):
 PSYoungGen      total 168448K, used 158932K [0x0000000780000000, 0x000000078fd00000, 0x0000000800000000)
  eden space 100864K, 100% used [0x0000000780000000,0x0000000786280000,0x0000000786280000)
  from space 67584K, 85% used [0x000000078aa80000,0x000000078e335208,0x000000078ec80000)
  to   space 73728K, 0% used [0x0000000786280000,0x0000000786280000,0x000000078aa80000)
 ParOldGen       total 201728K, used 151421K [0x0000000680000000, 0x000000068c500000, 0x0000000780000000)
  object space 201728K, 75% used [0x0000000680000000,0x00000006893df690,0x000000068c500000)
 Metaspace       used 180698K, committed 183552K, reserved 1036288K
  class space    used 22652K, committed 24128K, reserved 839680K
}
Event: 340.002 GC heap after
{Heap after GC invocations=80 (full 6):
 PSYoungGen      total 174592K, used 29224K [0x0000000780000000, 0x000000078fb80000, 0x0000000800000000)
  eden space 100864K, 0% used [0x0000000780000000,0x0000000780000000,0x0000000786280000)
  from space 73728K, 39% used [0x0000000786280000,0x0000000787f0a248,0x000000078aa80000)
  to   space 70656K, 0% used [0x000000078b680000,0x000000078b680000,0x000000078fb80000)
 ParOldGen       total 201728K, used 172120K [0x0000000680000000, 0x000000068c500000, 0x0000000780000000)
  object space 201728K, 85% used [0x0000000680000000,0x000000068a8162f8,0x000000068c500000)
 Metaspace       used 180698K, committed 183552K, reserved 1036288K
  class space    used 22652K, committed 24128K, reserved 839680K
}
Event: 342.893 GC heap before
{Heap before GC invocations=81 (full 6):
 PSYoungGen      total 174592K, used 130088K [0x0000000780000000, 0x000000078fb80000, 0x0000000800000000)
  eden space 100864K, 100% used [0x0000000780000000,0x0000000786280000,0x0000000786280000)
  from space 73728K, 39% used [0x0000000786280000,0x0000000787f0a248,0x000000078aa80000)
  to   space 70656K, 0% used [0x000000078b680000,0x000000078b680000,0x000000078fb80000)
 ParOldGen       total 201728K, used 172120K [0x0000000680000000, 0x000000068c500000, 0x0000000780000000)
  object space 201728K, 85% used [0x0000000680000000,0x000000068a8162f8,0x000000068c500000)
 Metaspace       used 186859K, committed 189760K, reserved 1036288K
  class space    used 23685K, committed 25152K, reserved 839680K
}
Event: 342.926 GC heap after
{Heap after GC invocations=81 (full 6):
 PSYoungGen      total 184832K, used 16128K [0x0000000780000000, 0x000000078fa00000, 0x0000000800000000)
  eden space 115712K, 0% used [0x0000000780000000,0x0000000780000000,0x0000000787100000)
  from space 69120K, 23% used [0x000000078b680000,0x000000078c6401c0,0x000000078fa00000)
  to   space 70144K, 0% used [0x0000000787100000,0x0000000787100000,0x000000078b580000)
 ParOldGen       total 201728K, used 189108K [0x0000000680000000, 0x000000068c500000, 0x0000000780000000)
  object space 201728K, 93% used [0x0000000680000000,0x000000068b8ad3c8,0x000000068c500000)
 Metaspace       used 186859K, committed 189760K, reserved 1036288K
  class space    used 23685K, committed 25152K, reserved 839680K
}
Event: 342.926 GC heap before
{Heap before GC invocations=82 (full 7):
 PSYoungGen      total 184832K, used 16128K [0x0000000780000000, 0x000000078fa00000, 0x0000000800000000)
  eden space 115712K, 0% used [0x0000000780000000,0x0000000780000000,0x0000000787100000)
  from space 69120K, 23% used [0x000000078b680000,0x000000078c6401c0,0x000000078fa00000)
  to   space 70144K, 0% used [0x0000000787100000,0x0000000787100000,0x000000078b580000)
 ParOldGen       total 201728K, used 189108K [0x0000000680000000, 0x000000068c500000, 0x0000000780000000)
  object space 201728K, 93% used [0x0000000680000000,0x000000068b8ad3c8,0x000000068c500000)
 Metaspace       used 186859K, committed 189760K, reserved 1036288K
  class space    used 23685K, committed 25152K, reserved 839680K
}
Event: 343.339 GC heap after
{Heap after GC invocations=82 (full 7):
 PSYoungGen      total 185856K, used 0K [0x0000000780000000, 0x000000078fa00000, 0x0000000800000000)
  eden space 115712K, 0% used [0x0000000780000000,0x0000000780000000,0x0000000787100000)
  from space 70144K, 0% used [0x0000000787100000,0x0000000787100000,0x000000078b580000)
  to   space 69120K, 0% used [0x000000078b680000,0x000000078b680000,0x000000078fa00000)
 ParOldGen       total 267264K, used 175973K [0x0000000680000000, 0x0000000690500000, 0x0000000780000000)
  object space 267264K, 65% used [0x0000000680000000,0x000000068abd9408,0x0000000690500000)
 Metaspace       used 186859K, committed 189760K, reserved 1036288K
  class space    used 23685K, committed 25152K, reserved 839680K
}
Event: 345.344 GC heap before
{Heap before GC invocations=83 (full 7):
 PSYoungGen      total 185856K, used 115712K [0x0000000780000000, 0x000000078fa00000, 0x0000000800000000)
  eden space 115712K, 100% used [0x0000000780000000,0x0000000787100000,0x0000000787100000)
  from space 70144K, 0% used [0x0000000787100000,0x0000000787100000,0x000000078b580000)
  to   space 69120K, 0% used [0x000000078b680000,0x000000078b680000,0x000000078fa00000)
 ParOldGen       total 267264K, used 175973K [0x0000000680000000, 0x0000000690500000, 0x0000000780000000)
  object space 267264K, 65% used [0x0000000680000000,0x000000068abd9408,0x0000000690500000)
 Metaspace       used 186992K, committed 189824K, reserved 1036288K
  class space    used 23688K, committed 25152K, reserved 839680K
}
Event: 345.356 GC heap after
{Heap after GC invocations=83 (full 7):
 PSYoungGen      total 186880K, used 15354K [0x0000000780000000, 0x0000000790700000, 0x0000000800000000)
  eden space 117760K, 0% used [0x0000000780000000,0x0000000780000000,0x0000000787300000)
  from space 69120K, 22% used [0x000000078b680000,0x000000078c57e950,0x000000078fa00000)
  to   space 69120K, 0% used [0x0000000787300000,0x0000000787300000,0x000000078b680000)
 ParOldGen       total 267264K, used 175981K [0x0000000680000000, 0x0000000690500000, 0x0000000780000000)
  object space 267264K, 65% used [0x0000000680000000,0x000000068abdb408,0x0000000690500000)
 Metaspace       used 186992K, committed 189824K, reserved 1036288K
  class space    used 23688K, committed 25152K, reserved 839680K
}

